[2026-02-17 00:17:50] 🚀 Simmer 交易机器人启动（检查模式）
[2026-02-17 00:17:50] ✅ 已连接到 Simmer
[2026-02-17 00:17:53] 📊 当前持仓: 28 个
[2026-02-17 00:17:53] 🎯 当前胜率: 67.9%
[2026-02-17 00:17:53] 📈 还需要 12.1% 才能达成目标
[2026-02-17 00:17:53]    - Bitcoin Up or Down - February 16, 9:05AM... | P&L: $5.08
[2026-02-17 00:17:53]    - Will the highest temperature in Sao Paul... | P&L: $-0.01
[2026-02-17 00:17:53]    - Will the highest temperature in Sao Paul... | P&L: $-0.06
[2026-02-17 00:17:54]    - Bitcoin Up or Down - February 16, 6:15AM... | P&L: $5.97
[2026-02-17 00:17:54]    - Bitcoin Up or Down - February 16, 5:35AM... | P&L: $6.33
[2026-02-17 00:17:54] ✅ 检查完成
[2026-02-17 01:09:08] 🚀 Simmer 交易机器人启动（检查模式）
[2026-02-17 01:09:08] ✅ 已连接到 Simmer
[2026-02-17 01:09:23] 📊 当前持仓: 28 个
[2026-02-17 01:09:23] 🎯 当前胜率: 71.4%
[2026-02-17 01:09:23] 📈 还需要 8.6% 才能达成目标
[2026-02-17 01:09:23]    - Bitcoin Up or Down - February 16, 9:05AM... | P&L: $5.08
[2026-02-17 01:09:23]    - Will the highest temperature in Sao Paul... | P&L: $0.21
[2026-02-17 01:09:23]    - Will the highest temperature in Sao Paul... | P&L: $-0.06
[2026-02-17 01:09:23]    - Bitcoin Up or Down - February 16, 6:15AM... | P&L: $5.97
[2026-02-17 01:09:23]    - Bitcoin Up or Down - February 16, 5:35AM... | P&L: $6.33
[2026-02-17 01:09:23] ✅ 检查完成
[2026-02-17 01:11:09] 🚀 Simmer 交易机器人启动（检查模式）
[2026-02-17 01:11:09] ✅ 已连接到 Simmer
[2026-02-17 01:11:11] 📊 当前持仓: 28 个
[2026-02-17 01:11:11] 🎯 当前胜率: 71.4%
[2026-02-17 01:11:11] 📈 还需要 8.6% 才能达成目标
[2026-02-17 01:11:11]    - Bitcoin Up or Down - February 16, 9:05AM... | P&L: $5.08
[2026-02-17 01:11:11]    - Will the highest temperature in Sao Paul... | P&L: $0.21
[2026-02-17 01:11:11]    - Will the highest temperature in Sao Paul... | P&L: $-0.06
[2026-02-17 01:11:11]    - Bitcoin Up or Down - February 16, 6:15AM... | P&L: $5.97
[2026-02-17 01:11:11]    - Bitcoin Up or Down - February 16, 5:35AM... | P&L: $6.33
[2026-02-17 01:11:11] ✅ 检查完成
[2026-02-17 02:10:36] 🚀 Simmer 交易机器人启动
[2026-02-17 02:10:36] ✅ 已连接到 Simmer
[2026-02-17 02:10:40] 📊 当前持仓: 28 个
[2026-02-17 02:10:40] 🎯 当前胜率: 71.4%
[2026-02-17 02:10:41] 📈 活跃市场: 20 个
[2026-02-17 02:10:41] 🔍 分析市场 1/5: Will 30 to 59 tornadoes occur in the United States in Februa...
[2026-02-17 02:10:41] ⏸️ 跳过: 概率 (26.2%) - 观望，等待 >80% 机会
[2026-02-17 02:10:41] 🔍 分析市场 2/5: Bitcoin Up or Down - February 16, 12:30PM-12:45PM ET...
[2026-02-17 02:10:41] ⏸️ 跳过: 概率 (50.5%) - 观望，等待 >80% 机会
[2026-02-17 02:10:41] 🔍 分析市场 3/5: Ethereum Up or Down - February 16, 12:15PM-12:30PM ET...
[2026-02-17 02:10:41] 💡 建议: NO, 置信度: high, 原因: 极低概率 (19.6%) - 强力推荐
[2026-02-17 02:10:48] ✅ 交易 #1: Ethereum Up or Down - February 16, 12:15PM-12:30PM...
[2026-02-17 02:10:48]    方向: NO, 金额: $10.0
[2026-02-17 02:10:48]    买入: 12.44 shares @ 19.55%
[2026-02-17 02:10:48] ⏳ 等待 120 秒冷却...
[2026-02-17 02:12:48] 🔍 分析市场 4/5: Bitcoin Up or Down - February 16, 12:15PM-12:30PM ET...
[2026-02-17 02:12:48] ⏸️ 跳过: 概率 (50.3%) - 观望，等待 >80% 机会
[2026-02-17 02:12:48] 🔍 分析市场 5/5: Bitcoin Up or Down - February 16, 12:15PM-12:20PM ET...
[2026-02-17 02:12:48] ⏸️ 跳过: 概率 (50.1%) - 观望，等待 >80% 机会
[2026-02-17 02:12:48] 📝 本轮执行 1 笔交易
[2026-02-17 02:12:48] ✅ 交易循环完成
[2026-02-17 02:19:34] 🚀 Simmer 交易机器人启动（模拟交易）
[2026-02-17 02:19:34] ✅ 已连接到 Simmer (simmer)
[2026-02-17 02:19:34] 💰 钱包地址: 模拟交易
[2026-02-17 02:19:37] 📊 当前持仓: 29 个
[2026-02-17 02:19:37] 📊 有效持仓: 29 个
[2026-02-17 02:19:37] 🎯 当前胜率: 69.0%
[2026-02-17 02:19:37] 📈 还需要 11.0% 才能达成目标
[2026-02-17 02:19:37]    - Ethereum Up or Down - February 16, 12:15PM-12:30PM... | P&L: $-10.00
[2026-02-17 02:19:37]    - Bitcoin Up or Down - February 16, 9:05AM-9:10AM ET... | P&L: $5.08
[2026-02-17 02:19:37]    - Will the highest temperature in Sao Paulo be 27°C ... | P&L: $0.23
[2026-02-17 02:19:37]    - Will the highest temperature in Sao Paulo be 28°C ... | P&L: $-0.01
[2026-02-17 02:19:37]    - Bitcoin Up or Down - February 16, 6:15AM-6:30AM ET... | P&L: $5.97
[2026-02-17 02:19:37] ✅ 检查完成
[2026-02-17 02:20:00] 🚀 Simmer 交易机器人启动（模拟交易）
[2026-02-17 02:20:00] ✅ 已连接到 Simmer (simmer)
[2026-02-17 02:20:00] 💰 钱包地址: 模拟交易
[2026-02-17 02:20:03] 📊 当前持仓: 29 个
[2026-02-17 02:20:03] 🎯 当前胜率: 69.0%
[2026-02-17 02:20:04] 📈 活跃市场: 20 个
[2026-02-17 02:20:04] 🔍 分析市场 1/5: XRP Up or Down - February 16, 1PM ET...
[2026-02-17 02:20:04] ⏸️ 跳过: 概率 (32.5%) - 观望，等待 >80% 机会
[2026-02-17 02:20:04] 🔍 分析市场 2/5: Solana Up or Down - February 16, 1PM ET...
[2026-02-17 02:20:04] ⏸️ 跳过: 概率 (68.5%) - 观望，等待 >80% 机会
[2026-02-17 02:20:04] 🔍 分析市场 3/5: Ethereum Up or Down - February 16, 1:00PM-1:15PM ET...
[2026-02-17 02:20:04] 💡 建议: YES, 置信度: high, 原因: 高概率 (99.0%) - 强力推荐
[2026-02-17 02:20:16] ✅ 交易 #1: Ethereum Up or Down - February 16, 1:00PM-1:15PM E...
[2026-02-17 02:20:16]    方向: YES, 金额: $10.0
[2026-02-17 02:20:16]    买入: 10.10 shares @ 99.00%
[2026-02-17 02:20:16] ⏳ 等待 120 秒冷却...
[2026-02-17 02:22:16] 🔍 分析市场 4/5: Ethereum Up or Down - February 16, 1PM ET...
[2026-02-17 02:22:16] ⏸️ 跳过: 概率 (61.5%) - 观望，等待 >80% 机会
[2026-02-17 02:22:16] 🔍 分析市场 5/5: Will 30 to 59 tornadoes occur in the United States in Februa...
[2026-02-17 02:22:16] ⏸️ 跳过: 概率 (25.0%) - 观望，等待 >80% 机会
[2026-02-17 02:22:16] 📝 本轮执行 1 笔交易
[2026-02-17 02:22:16] ✅ 交易循环完成
[2026-02-17 02:30:46] 🚀 Simmer 交易机器人启动（模拟交易(正常模式)）
[2026-02-17 02:30:46] ✅ 已连接到 Simmer (simmer)
[2026-02-17 02:30:46] 💰 当前模式：正常模式（交易金额: $10）
[2026-02-17 02:30:46] 💰 钱包: 模拟交易（$SIM 代币）
[2026-02-17 02:30:49] 📊 当前持仓: 30 个
[2026-02-17 02:30:49] 📊 有效持仓: 30 个
[2026-02-17 02:30:49] 🎯 当前胜率: 70.0%
[2026-02-17 02:30:49] 📈 还需要 10.0% 才能达成目标
[2026-02-17 02:30:49]    - Ethereum Up or Down - February 16, 1:00P... | P&L: $0.10
[2026-02-17 02:30:49]    - Ethereum Up or Down - February 16, 12:15... | P&L: $-10.00
[2026-02-17 02:30:49]    - Bitcoin Up or Down - February 16, 9:05AM... | P&L: $5.08
[2026-02-17 02:30:49]    - Will the highest temperature in Sao Paul... | P&L: $0.22
[2026-02-17 02:30:49]    - Will the highest temperature in Sao Paul... | P&L: $-0.01
[2026-02-17 02:30:49] ✅ 检查完成
[2026-02-17 02:38:49] 🚀 Simmer 交易机器人启动（模拟交易(正常模式)）
[2026-02-17 02:38:49] ✅ 已连接到 Simmer (simmer)
[2026-02-17 02:38:49] 💰 当前模式：正常模式（交易金额: $10）
[2026-02-17 02:38:49] 💰 钱包: 模拟交易（$SIM 代币）
[2026-02-17 02:38:52] 📊 当前持仓: 30 个
[2026-02-17 02:38:52] 📊 有效持仓: 30 个
[2026-02-17 02:38:52] 🎯 当前胜率: 70.0%
[2026-02-17 02:38:52] 📈 还需要 10.0% 才能达成目标
[2026-02-17 02:38:52]    - Ethereum Up or Down - February 16, 1:00P... | P&L: $0.10
[2026-02-17 02:38:52]    - Ethereum Up or Down - February 16, 12:15... | P&L: $-10.00
[2026-02-17 02:38:52]    - Bitcoin Up or Down - February 16, 9:05AM... | P&L: $5.08
[2026-02-17 02:38:52]    - Will the highest temperature in Sao Paul... | P&L: $0.22
[2026-02-17 02:38:52]    - Will the highest temperature in Sao Paul... | P&L: $-0.01
[2026-02-17 02:38:52] ✅ 检查完成
[2026-02-17 02:39:59] 🚀 Simmer 交易机器人启动（模拟交易(小规模测试)）
[2026-02-17 02:39:59] ✅ 已连接到 Simmer (simmer)
[2026-02-17 02:39:59] 🧪 当前模式：小规模测试（交易金额: $1.2）
[2026-02-17 02:39:59] 💰 钱包: 模拟交易（$SIM 代币）
[2026-02-17 02:40:02] 📊 当前持仓: 30 个
[2026-02-17 02:40:02] 🎯 当前胜率: 70.0%
[2026-02-17 02:40:03] 📈 活跃市场: 20 个
[2026-02-17 02:40:03] 🔍 分析市场 1/5: Bitcoin Up or Down - February 17, 1:20PM-1:25PM ET...
[2026-02-17 02:40:03] ⏸️ 跳过: 概率 (47.9%) - 观望，等待 >80% 机会
[2026-02-17 02:40:03] 🔍 分析市场 2/5: Ethereum Up or Down - February 16, 1:30PM-1:45PM ET...
[2026-02-17 02:40:03] ⏸️ 跳过: 概率 (47.7%) - 观望，等待 >80% 机会
[2026-02-17 02:40:03] 🔍 分析市场 3/5: Will the highest temperature in Chicago be between 66-67°F o...
[2026-02-17 02:40:03] 💡 建议: NO, 置信度: high, 原因: 极低概率 (8.0%) - 强力推荐
[2026-02-17 02:40:10] ✅ 交易 #1: Will the highest temperature in Chicago be between...
[2026-02-17 02:40:10]    方向: NO, 金额: $1.2
[2026-02-17 02:40:10]    买入: 1.30 shares @ 8.02%
[2026-02-17 02:40:10]    来源: simmer-auto-trader
[2026-02-17 02:40:10] ⏳ 等待 120 秒冷却...
[2026-02-17 02:42:10] 🔍 分析市场 4/5: Will the highest temperature in Chicago be 57°F or below on ...
[2026-02-17 02:42:10] 💡 建议: NO, 置信度: high, 原因: 极低概率 (4.0%) - 强力推荐
[2026-02-17 02:42:18] ✅ 交易 #2: Will the highest temperature in Chicago be 57°F or...
[2026-02-17 02:42:18]    方向: NO, 金额: $1.2
[2026-02-17 02:42:18]    买入: 1.24 shares @ 3.25%
[2026-02-17 02:42:18]    来源: simmer-auto-trader
[2026-02-17 02:42:18] ⏳ 等待 120 秒冷却...
[2026-02-17 02:44:18] 🔍 分析市场 5/5: Will the highest temperature in Miami be between 72-73°F on ...
[2026-02-17 02:44:18] 💡 建议: NO, 置信度: high, 原因: 极低概率 (3.4%) - 强力推荐
[2026-02-17 02:44:27] ✅ 交易 #3: Will the highest temperature in Miami be between 7...
[2026-02-17 02:44:27]    方向: NO, 金额: $1.2
[2026-02-17 02:44:27]    买入: 1.24 shares @ 3.25%
[2026-02-17 02:44:27]    来源: simmer-auto-trader
[2026-02-17 02:44:27] ⏳ 等待 120 秒冷却...
[2026-02-17 02:46:13] 🚀 Simmer 交易机器人启动（模拟交易(正常模式)）
[2026-02-17 02:46:13] ✅ 已连接到 Simmer (simmer)
[2026-02-17 02:46:13] 💰 当前模式：正常模式（交易金额: $10）
[2026-02-17 02:46:13] 💰 钱包: 模拟交易（$SIM 代币）
[2026-02-17 02:46:15] 📊 当前持仓: 32 个
[2026-02-17 02:46:15] 📊 有效持仓: 32 个
[2026-02-17 02:46:15] 🎯 当前胜率: 68.8%
[2026-02-17 02:46:15] 📈 还需要 11.2% 才能达成目标
[2026-02-17 02:46:15]    - Will the highest temperature in Miami be... | P&L: $-0.00
[2026-02-17 02:46:15]    - Will the highest temperature in Chicago ... | P&L: $-0.01
[2026-02-17 02:46:15]    - Will the highest temperature in Chicago ... | P&L: $0.00
[2026-02-17 02:46:15]    - Ethereum Up or Down - February 16, 1:00P... | P&L: $0.10
[2026-02-17 02:46:15]    - Ethereum Up or Down - February 16, 12:15... | P&L: $-10.00
[2026-02-17 02:46:15] ✅ 检查完成
[2026-02-17 02:46:27] 📝 本轮执行 3 笔交易
[2026-02-17 02:46:27] ✅ 交易循环完成
[2026-02-17 03:06:32] 🚀 Simmer 交易机器人启动（模拟交易(正常模式)）
[2026-02-17 03:06:32] ✅ 已连接到 Simmer (simmer)
[2026-02-17 03:06:32] 💰 当前模式：正常模式（交易金额: $10）
[2026-02-17 03:06:32] 💰 钱包: 模拟交易（$SIM 代币）
[2026-02-17 03:06:35] 📊 当前持仓: 33 个
[2026-02-17 03:06:35] 🎯 当前胜率: 66.7%
[2026-02-17 03:06:35] 📈 还需要 13.3% 才能达成目标
[2026-02-17 03:06:36] 📈 活跃市场: 20 个
[2026-02-17 03:06:36] 🔍 分析市场 1/5: Hang Seng (HSI) Up or Down on February 17?...
[2026-02-17 03:06:36] ⏸️ 跳过: 概率 (50.0%) - 观望，等待 >80% 机会
[2026-02-17 03:06:36] 🔍 分析市场 2/5: Ethereum Up or Down - February 16, 2PM ET...
[2026-02-17 03:06:36] ⏸️ 跳过: 概率 (49.0%) - 观望，等待 >80% 机会
[2026-02-17 03:06:36] 🔍 分析市场 3/5: Ethereum Up or Down - February 16, 2:00PM-2:15PM ET...
[2026-02-17 03:06:36] ⏸️ 跳过: 概率 (58.5%) - 观望，等待 >80% 机会
[2026-02-17 03:06:36] 🔍 分析市场 4/5: Bitcoin Up or Down - February 16, 2:00PM-2:15PM ET...
[2026-02-17 03:06:36] ⏸️ 跳过: 概率 (51.6%) - 观望，等待 >80% 机会
[2026-02-17 03:06:36] 🔍 分析市场 5/5: Bitcoin Up or Down - February 17, 1:30PM-1:35PM ET...
[2026-02-17 03:06:36] ⏸️ 跳过: 概率 (52.9%) - 观望，等待 >80% 机会
[2026-02-17 03:06:36] ⏸️ 无合适交易机会，继续观望
[2026-02-17 03:06:36] ✅ 交易循环完成
[2026-02-17 03:10:17] 🚀 Simmer 交易机器人启动（模拟交易(小规模测试)）
[2026-02-17 03:10:17] ✅ 已连接到 Simmer (simmer)
[2026-02-17 03:10:17] 🧪 当前模式：小规模测试（交易金额: $1.20）
[2026-02-17 03:10:17] 🔧 环境变量 SMALL_SCALE_TEST 设置为: '未设置'
[2026-02-17 03:10:17] 💰 钱包: 模拟交易（$SIM 代币）
[2026-02-17 03:10:20] 📊 当前持仓: 33 个
[2026-02-17 03:10:20] 🎯 当前胜率: 66.7%
[2026-02-17 03:10:20] 📈 还需要 13.3% 才能达成目标
[2026-02-17 03:10:21] 📈 活跃市场: 20 个
[2026-02-17 03:10:21] 🔍 分析市场 1/5: Bitcoin Up or Down - February 16, 2:10PM-2:15PM ET...
[2026-02-17 03:10:24] ⏸️ 跳过: 概率 (51.7%) + 胜率66.7%未达80%，观望
[2026-02-17 03:10:24] 🔍 分析市场 2/5: Bitcoin Up or Down - February 17, 1:45PM-1:50PM ET...
[2026-02-17 03:10:26] ⏸️ 跳过: 概率 (51.5%) + 胜率66.7%未达80%，观望
[2026-02-17 03:10:26] 🔍 分析市场 3/5: Will Palantir (PLTR) finish week of February 16 above $133?...
[2026-02-17 03:10:29] ⏸️ 跳过: 概率 (43.0%) + 胜率66.7%未达80%，观望
[2026-02-17 03:10:29] 🔍 分析市场 4/5: Will NVIDIA (NVDA) finish week of February 16 above $190?...
[2026-02-17 03:10:31] ⏸️ 跳过: 概率 (23.0%) + 胜率66.7%未达80%，观望
[2026-02-17 03:10:31] 🔍 分析市场 5/5: Will Opendoor (OPEN) finish week of February 16 above $3.50?...
[2026-02-17 03:10:34] 💡 建议: YES, 置信度: high, 原因: 极高概率 (87.5%) - 保守交易
[2026-02-17 03:10:43] ✅ 交易 #1: Will Opendoor (OPEN) finish week of February 16 ab...
[2026-02-17 03:10:43]    方向: YES, 金额: $1.20
[2026-02-17 03:10:43]    买入: 1.37 shares @ 87.57%
[2026-02-17 03:10:43]    来源: simmer-auto-trader-小规模测试
[2026-02-17 03:10:43] ⏳ 等待 120 秒冷却...
[2026-02-17 03:12:43] 📝 本轮执行 1 笔交易
[2026-02-17 03:12:43] ✅ 交易循环完成
[2026-02-17 15:27:21] 🚀 Simmer 交易机器人启动（模拟交易(小规模测试)）
[2026-02-17 15:27:21] ✅ 已连接到 Simmer (simmer)
[2026-02-17 15:27:21] 🧪 当前模式：小规模测试（交易金额: $1.20）
[2026-02-17 15:27:21] 🔧 环境变量 SMALL_SCALE_TEST 设置为: '未设置'
[2026-02-17 15:27:21] 💰 钱包: 模拟交易（$SIM 代币）
[2026-02-17 15:27:24] ❌ 错误: 401 Client Error: Unauthorized for url: https://api.simmer.markets/api/sdk/positions
[2026-02-17 15:27:24] ✅ 检查完成
[2026-02-17 15:34:08] 🚀 Simmer 交易机器人启动（真实交易）
[2026-02-17 15:34:08] ✅ 已连接到 Simmer (polymarket)
[2026-02-17 15:34:08] 🧪 当前模式：小规模测试（交易金额: $1.20）
[2026-02-17 15:34:08] 🔧 环境变量 SMALL_SCALE_TEST 设置为: '未设置'
[2026-02-17 15:34:08] 💰 钱包地址: 0x39e4BB0f4b14875AC85B74E5b844bcB092438c61
[2026-02-17 15:34:09] ❌ 错误: 401 Client Error: Unauthorized for url: https://api.simmer.markets/api/sdk/positions
[2026-02-17 15:34:09] ✅ 检查完成
