--- Scan complete at 2026年 2月22日 星期日 01时54分07秒 CST ---
--- Scan complete at Sun Mar  1 22:00:07 CST 2026 ---
--- Scan complete at Sun Mar  1 22:30:06 CST 2026 ---
--- Scan complete at Sun Mar  1 23:00:05 CST 2026 ---
--- Scan complete at Sun Mar  1 23:30:05 CST 2026 ---
--- Scan complete at Mon Mar  2 00:00:04 CST 2026 ---
--- Scan complete at Mon Mar  2 00:30:05 CST 2026 ---
--- Scan complete at Mon Mar  2 01:00:04 CST 2026 ---
--- Scan complete at Mon Mar  2 01:30:04 CST 2026 ---
--- Scan complete at Mon Mar  2 02:00:04 CST 2026 ---
--- Scan complete at Mon Mar  2 03:00:05 CST 2026 ---
--- Scan complete at Mon Mar  2 03:30:05 CST 2026 ---
--- Scan complete at Mon Mar  2 04:00:05 CST 2026 ---
--- Scan complete at Mon Mar  2 04:30:04 CST 2026 ---
--- Scan complete at Mon Mar  2 05:00:05 CST 2026 ---
--- Scan complete at Mon Mar  2 05:30:04 CST 2026 ---
--- Scan complete at Mon Mar  2 06:00:04 CST 2026 ---
--- Scan complete at Mon Mar  2 06:30:04 CST 2026 ---
--- Scan complete at Mon Mar  2 07:00:06 CST 2026 ---
--- Scan complete at Mon Mar  2 07:30:04 CST 2026 ---
--- Scan complete at Mon Mar  2 08:00:05 CST 2026 ---
--- Scan complete at Mon Mar  2 08:30:05 CST 2026 ---
--- Scan complete at Mon Mar  2 09:00:06 CST 2026 ---
--- Scan complete at Mon Mar  2 09:30:06 CST 2026 ---
--- Scan complete at Mon Mar  2 10:00:04 CST 2026 ---
--- Scan complete at Mon Mar  2 10:30:04 CST 2026 ---
--- Scan complete at Mon Mar  2 11:00:05 CST 2026 ---
--- Scan complete at Mon Mar  2 11:30:04 CST 2026 ---
--- Scan complete at Mon Mar  2 12:00:04 CST 2026 ---
--- Scan complete at Mon Mar  2 12:30:06 CST 2026 ---
--- Scan complete at Mon Mar  2 13:00:06 CST 2026 ---
--- Scan complete at Mon Mar  2 13:30:05 CST 2026 ---
--- Scan complete at Mon Mar  2 14:00:05 CST 2026 ---
--- Scan complete at Mon Mar  2 14:30:04 CST 2026 ---
--- Scan complete at Mon Mar  2 15:00:06 CST 2026 ---
--- Scan complete at Mon Mar  2 15:30:04 CST 2026 ---
--- Scan complete at Mon Mar  2 16:00:06 CST 2026 ---
--- Scan complete at Mon Mar  2 16:30:05 CST 2026 ---
--- Scan complete at Mon Mar  2 17:00:05 CST 2026 ---
--- Scan complete at Mon Mar  2 17:30:05 CST 2026 ---
--- Scan complete at Mon Mar  2 18:00:34 CST 2026 ---
--- Scan complete at Mon Mar  2 18:30:05 CST 2026 ---
--- Scan complete at Mon Mar  2 19:00:05 CST 2026 ---
--- Scan complete at Mon Mar  2 19:30:05 CST 2026 ---
--- Scan complete at Mon Mar  2 20:00:12 CST 2026 ---
--- Scan complete at Mon Mar  2 20:30:04 CST 2026 ---
--- Scan complete at Mon Mar  2 21:00:06 CST 2026 ---
--- Scan complete at Mon Mar  2 21:30:05 CST 2026 ---
--- Scan complete at Mon Mar  2 22:00:05 CST 2026 ---
--- Scan complete at Mon Mar  2 22:30:10 CST 2026 ---
--- Scan complete at Mon Mar  2 23:00:04 CST 2026 ---
--- Scan complete at Mon Mar  2 23:30:06 CST 2026 ---
--- Scan complete at Tue Mar  3 00:00:05 CST 2026 ---
--- Scan complete at Tue Mar  3 00:30:05 CST 2026 ---
--- Scan complete at Tue Mar  3 01:00:04 CST 2026 ---
--- Scan complete at Tue Mar  3 01:30:04 CST 2026 ---
--- Scan complete at Tue Mar  3 02:00:06 CST 2026 ---
--- Scan complete at Tue Mar  3 02:30:04 CST 2026 ---
--- Scan complete at Tue Mar  3 03:00:07 CST 2026 ---
--- Scan complete at Tue Mar  3 03:30:05 CST 2026 ---
--- Scan complete at Tue Mar  3 04:00:04 CST 2026 ---
--- Scan complete at Tue Mar  3 04:30:04 CST 2026 ---
--- Scan complete at Tue Mar  3 05:00:04 CST 2026 ---
--- Scan complete at Tue Mar  3 05:30:05 CST 2026 ---
--- Scan complete at Tue Mar  3 06:00:04 CST 2026 ---
--- Scan complete at Tue Mar  3 06:30:04 CST 2026 ---
--- Scan complete at Tue Mar  3 07:00:06 CST 2026 ---
--- Scan complete at Tue Mar  3 07:30:05 CST 2026 ---
--- Scan complete at Tue Mar  3 08:00:04 CST 2026 ---
--- Scan complete at Tue Mar  3 08:30:05 CST 2026 ---
--- Scan complete at Tue Mar  3 09:00:05 CST 2026 ---
--- Scan complete at Tue Mar  3 09:30:05 CST 2026 ---
--- Scan complete at Tue Mar  3 10:00:05 CST 2026 ---
--- Scan complete at Tue Mar  3 10:30:05 CST 2026 ---
--- Scan complete at Tue Mar  3 11:00:04 CST 2026 ---
--- Scan complete at Tue Mar  3 11:30:06 CST 2026 ---
--- Scan complete at Tue Mar  3 12:00:05 CST 2026 ---
--- Scan complete at Tue Mar  3 12:30:05 CST 2026 ---
--- Scan complete at Tue Mar  3 13:00:04 CST 2026 ---
--- Scan complete at Tue Mar  3 13:30:08 CST 2026 ---
--- Scan complete at Tue Mar  3 14:00:05 CST 2026 ---
--- Scan complete at Tue Mar  3 14:30:05 CST 2026 ---
--- Scan complete at Tue Mar  3 15:00:10 CST 2026 ---
--- Scan complete at Tue Mar  3 15:30:07 CST 2026 ---
--- Scan complete at Tue Mar  3 16:00:08 CST 2026 ---
--- Scan complete at Tue Mar  3 16:30:09 CST 2026 ---
--- Scan complete at Tue Mar  3 17:00:08 CST 2026 ---
--- Scan complete at Tue Mar  3 17:30:09 CST 2026 ---
--- Scan complete at Tue Mar  3 18:00:08 CST 2026 ---
--- Scan complete at Tue Mar  3 18:30:09 CST 2026 ---
--- Scan complete at Tue Mar  3 19:00:08 CST 2026 ---
--- Scan complete at Tue Mar  3 19:30:09 CST 2026 ---
--- Scan complete at Tue Mar  3 20:00:10 CST 2026 ---
--- Scan complete at Tue Mar  3 20:30:13 CST 2026 ---
--- Scan complete at Tue Mar  3 21:00:11 CST 2026 ---
--- Scan complete at Tue Mar  3 21:30:10 CST 2026 ---
--- Scan complete at Tue Mar  3 22:00:08 CST 2026 ---
--- Scan complete at Tue Mar  3 22:30:11 CST 2026 ---
--- Scan complete at Tue Mar  3 23:00:09 CST 2026 ---
--- Scan complete at Tue Mar  3 23:30:10 CST 2026 ---
--- Scan complete at Wed Mar  4 00:00:11 CST 2026 ---
--- Scan complete at Wed Mar  4 00:30:11 CST 2026 ---
--- Scan complete at Wed Mar  4 01:00:09 CST 2026 ---
--- Scan complete at Wed Mar  4 01:30:08 CST 2026 ---
--- Scan complete at Wed Mar  4 02:00:08 CST 2026 ---
--- Scan complete at Wed Mar  4 02:30:08 CST 2026 ---
--- Scan complete at Wed Mar  4 03:00:09 CST 2026 ---
--- Scan complete at Wed Mar  4 03:30:09 CST 2026 ---
--- Scan complete at Wed Mar  4 04:00:08 CST 2026 ---
--- Scan complete at Wed Mar  4 04:30:07 CST 2026 ---
--- Scan complete at Wed Mar  4 05:00:10 CST 2026 ---
--- Scan complete at Wed Mar  4 05:30:08 CST 2026 ---
--- Scan complete at Wed Mar  4 06:00:08 CST 2026 ---
--- Scan complete at Wed Mar  4 06:30:08 CST 2026 ---
--- Scan complete at Wed Mar  4 07:00:08 CST 2026 ---
--- Scan complete at Wed Mar  4 07:30:16 CST 2026 ---
--- Scan complete at Wed Mar  4 08:00:08 CST 2026 ---
--- Scan complete at Wed Mar  4 08:30:08 CST 2026 ---
--- Scan complete at Wed Mar  4 09:00:08 CST 2026 ---
--- Scan complete at Wed Mar  4 09:30:08 CST 2026 ---
--- Scan complete at Wed Mar  4 10:00:10 CST 2026 ---
--- Scan complete at Wed Mar  4 10:30:08 CST 2026 ---
--- Scan complete at Wed Mar  4 11:00:08 CST 2026 ---
--- Scan complete at Wed Mar  4 11:31:24 CST 2026 ---
--- Scan complete at Wed Mar  4 12:01:27 CST 2026 ---
--- Scan complete at Wed Mar  4 12:31:29 CST 2026 ---
--- Scan complete at Wed Mar  4 13:01:27 CST 2026 ---
--- Scan complete at Wed Mar  4 13:30:12 CST 2026 ---
--- Scan complete at Wed Mar  4 14:00:11 CST 2026 ---
--- Scan complete at Wed Mar  4 14:30:06 CST 2026 ---
--- Scan complete at Wed Mar  4 15:00:07 CST 2026 ---
--- Scan complete at Wed Mar  4 15:30:07 CST 2026 ---
--- Scan complete at Wed Mar  4 16:00:06 CST 2026 ---
--- Scan complete at Wed Mar  4 16:30:07 CST 2026 ---
--- Scan complete at Wed Mar  4 17:00:09 CST 2026 ---
--- Scan complete at Wed Mar  4 17:30:18 CST 2026 ---
--- Scan complete at Wed Mar  4 18:00:07 CST 2026 ---
--- Scan complete at Wed Mar  4 18:30:13 CST 2026 ---
--- Scan complete at Wed Mar  4 19:00:14 CST 2026 ---
--- Scan complete at Wed Mar  4 19:30:06 CST 2026 ---
--- Scan complete at Wed Mar  4 20:00:07 CST 2026 ---
--- Scan complete at Wed Mar  4 20:30:07 CST 2026 ---
--- Scan complete at Fri Mar  6 17:00:25 CST 2026 ---
--- Scan complete at Fri Mar  6 17:30:17 CST 2026 ---
--- Scan complete at Fri Mar  6 18:00:16 CST 2026 ---
--- Scan complete at Fri Mar  6 18:30:18 CST 2026 ---
--- Scan complete at Fri Mar  6 19:00:14 CST 2026 ---
--- Scan complete at Fri Mar  6 19:30:40 CST 2026 ---
--- Scan complete at Fri Mar  6 20:00:16 CST 2026 ---
--- Scan complete at Fri Mar  6 20:30:12 CST 2026 ---
--- Scan complete at Fri Mar  6 21:00:11 CST 2026 ---
--- Scan complete at Fri Mar  6 21:30:12 CST 2026 ---
--- Scan complete at Fri Mar  6 22:00:15 CST 2026 ---
--- Scan complete at Fri Mar  6 22:30:12 CST 2026 ---
--- Scan complete at Fri Mar  6 23:00:19 CST 2026 ---
--- Scan complete at Fri Mar  6 23:30:11 CST 2026 ---
--- Scan complete at Sat Mar  7 00:00:15 CST 2026 ---
--- Scan complete at Sat Mar  7 00:30:13 CST 2026 ---
--- Scan complete at Sat Mar  7 01:00:12 CST 2026 ---
--- Scan complete at Sat Mar  7 01:30:11 CST 2026 ---
--- Scan complete at Sat Mar  7 02:00:17 CST 2026 ---
--- Scan complete at Sat Mar  7 02:30:10 CST 2026 ---
--- Scan complete at Sat Mar  7 03:00:15 CST 2026 ---
--- Scan complete at Sat Mar  7 03:30:11 CST 2026 ---
--- Scan complete at Sat Mar  7 04:00:12 CST 2026 ---
--- Scan complete at Sat Mar  7 04:30:09 CST 2026 ---
--- Scan complete at Sat Mar  7 05:00:15 CST 2026 ---
--- Scan complete at Sat Mar  7 05:30:15 CST 2026 ---
--- Scan complete at Sat Mar  7 06:00:09 CST 2026 ---
--- Scan complete at Sat Mar  7 06:30:14 CST 2026 ---
--- Scan complete at Sat Mar  7 07:00:11 CST 2026 ---
--- Scan complete at Sat Mar  7 07:30:13 CST 2026 ---
--- Scan complete at Sat Mar  7 08:00:14 CST 2026 ---
--- Scan complete at Sat Mar  7 08:30:12 CST 2026 ---
--- Scan complete at Sat Mar  7 09:00:10 CST 2026 ---
--- Scan complete at Sat Mar  7 09:30:13 CST 2026 ---
--- Scan complete at Sat Mar  7 10:00:12 CST 2026 ---
--- Scan complete at Sat Mar  7 10:30:10 CST 2026 ---
--- Scan complete at Sat Mar  7 11:00:10 CST 2026 ---
--- Scan complete at Sat Mar  7 11:30:08 CST 2026 ---
--- Scan complete at Sat Mar  7 12:00:14 CST 2026 ---
--- Scan complete at Sat Mar  7 12:30:14 CST 2026 ---
--- Scan complete at Sat Mar  7 13:00:10 CST 2026 ---
--- Scan complete at Sat Mar  7 13:30:11 CST 2026 ---
--- Scan complete at Sat Mar  7 14:00:21 CST 2026 ---
--- Scan complete at Sat Mar  7 14:30:14 CST 2026 ---
--- Scan complete at Sat Mar  7 15:00:20 CST 2026 ---
--- Scan complete at Sat Mar  7 15:30:13 CST 2026 ---
--- Scan complete at Sat Mar  7 16:00:14 CST 2026 ---
--- Scan complete at Sat Mar  7 16:30:12 CST 2026 ---
--- Scan complete at Sat Mar  7 17:00:13 CST 2026 ---
--- Scan complete at Sat Mar  7 17:30:11 CST 2026 ---
--- Scan complete at Sat Mar  7 18:00:12 CST 2026 ---
--- Scan complete at Sat Mar  7 18:30:16 CST 2026 ---
--- Scan complete at Sat Mar  7 19:00:14 CST 2026 ---
--- Scan complete at Sat Mar  7 19:30:11 CST 2026 ---
--- Scan complete at Sat Mar  7 20:00:18 CST 2026 ---
--- Scan complete at Sat Mar  7 20:30:10 CST 2026 ---
--- Scan complete at Sat Mar  7 21:00:14 CST 2026 ---
--- Scan complete at Sat Mar  7 21:30:13 CST 2026 ---
